TN:
SF:utils\calculNote.js
FN:3,additionner
FN:11,isValidMoyenne
FN:16,calculMention
FNF:3
FNH:3
FNDA:3,additionner
FNDA:8,isValidMoyenne
FNDA:9,calculMention
DA:4,3
DA:12,8
DA:13,5
DA:17,9
DA:18,1
DA:20,8
DA:21,2
DA:23,6
DA:24,4
DA:25,3
DA:26,3
DA:27,2
DA:30,1
LF:13
LH:13
BRDA:12,0,0,3
BRDA:12,0,1,5
BRDA:12,1,0,8
BRDA:12,1,1,5
BRDA:13,2,0,5
BRDA:13,2,1,4
BRDA:17,3,0,1
BRDA:17,3,1,8
BRDA:17,4,0,9
BRDA:17,4,1,8
BRDA:20,5,0,2
BRDA:20,5,1,6
BRDA:20,6,0,8
BRDA:20,6,1,7
BRDA:23,7,0,2
BRDA:23,7,1,4
BRDA:24,8,0,1
BRDA:24,8,1,3
BRDA:25,9,0,0
BRDA:25,9,1,3
BRDA:26,10,0,1
BRDA:26,10,1,2
BRF:22
BRH:21
end_of_record
